[22-Jul-2024 10:30:42] NOTICE: fpm is running, pid 53337
[22-Jul-2024 10:30:42] NOTICE: ready to handle connections
[22-Jul-2024 11:32:02] NOTICE: Terminating ...
[22-Jul-2024 11:32:02] NOTICE: Terminating ...
[22-Jul-2024 11:32:02] NOTICE: exiting, bye-bye!
[25-Jul-2024 17:19:33] NOTICE: fpm is running, pid 65067
[25-Jul-2024 17:19:33] NOTICE: ready to handle connections
[25-Jul-2024 17:44:28] NOTICE: Terminating ...
[25-Jul-2024 17:44:28] NOTICE: Terminating ...
[25-Jul-2024 17:44:28] NOTICE: exiting, bye-bye!
[05-Aug-2024 20:11:29] NOTICE: fpm is running, pid 72512
[05-Aug-2024 20:11:29] NOTICE: ready to handle connections
[05-Aug-2024 20:23:49] NOTICE: Terminating ...
[05-Aug-2024 20:23:49] NOTICE: Terminating ...
[05-Aug-2024 20:23:49] NOTICE: exiting, bye-bye!
[07-Aug-2024 12:08:10] NOTICE: fpm is running, pid 74330
[07-Aug-2024 12:08:10] NOTICE: ready to handle connections
[07-Aug-2024 12:08:14] NOTICE: Terminating ...
[07-Aug-2024 12:08:14] NOTICE: Terminating ...
[07-Aug-2024 12:08:14] NOTICE: exiting, bye-bye!
[07-Aug-2024 17:50:43] NOTICE: fpm is running, pid 76579
[07-Aug-2024 17:50:43] NOTICE: ready to handle connections
[07-Aug-2024 18:36:50] NOTICE: Terminating ...
[07-Aug-2024 18:36:50] NOTICE: Terminating ...
[07-Aug-2024 18:36:50] NOTICE: exiting, bye-bye!
[13-Aug-2024 14:47:14] NOTICE: fpm is running, pid 80055
[13-Aug-2024 14:47:14] NOTICE: ready to handle connections
[13-Aug-2024 15:32:02] NOTICE: Terminating ...
[13-Aug-2024 15:32:02] NOTICE: Terminating ...
[13-Aug-2024 15:32:02] NOTICE: exiting, bye-bye!
[21-Aug-2024 10:32:30] NOTICE: fpm is running, pid 89460
[21-Aug-2024 10:32:30] NOTICE: ready to handle connections
[04-Sep-2024 11:21:20] ERROR: Another FPM instance seems to already listen on /Users/apollotriki/Library/Application Support/Local/run/k8wHXuVtM/php/php-fpm.socket
[04-Sep-2024 11:21:20] ERROR: FPM initialization failed
[04-Sep-2024 11:21:20] ERROR: Another FPM instance seems to already listen on /Users/apollotriki/Library/Application Support/Local/run/k8wHXuVtM/php/php-fpm.socket
[04-Sep-2024 11:21:20] ERROR: FPM initialization failed
[04-Sep-2024 11:21:21] ERROR: Another FPM instance seems to already listen on /Users/apollotriki/Library/Application Support/Local/run/k8wHXuVtM/php/php-fpm.socket
[04-Sep-2024 11:21:21] ERROR: FPM initialization failed
[04-Sep-2024 11:21:21] ERROR: Another FPM instance seems to already listen on /Users/apollotriki/Library/Application Support/Local/run/k8wHXuVtM/php/php-fpm.socket
[04-Sep-2024 11:21:21] ERROR: FPM initialization failed
[05-Sep-2024 15:49:21] ERROR: Another FPM instance seems to already listen on /Users/apollotriki/Library/Application Support/Local/run/k8wHXuVtM/php/php-fpm.socket
[05-Sep-2024 15:49:21] ERROR: FPM initialization failed
[05-Sep-2024 15:49:21] ERROR: Another FPM instance seems to already listen on /Users/apollotriki/Library/Application Support/Local/run/k8wHXuVtM/php/php-fpm.socket
[05-Sep-2024 15:49:21] ERROR: FPM initialization failed
[05-Sep-2024 15:49:22] ERROR: Another FPM instance seems to already listen on /Users/apollotriki/Library/Application Support/Local/run/k8wHXuVtM/php/php-fpm.socket
[05-Sep-2024 15:49:22] ERROR: FPM initialization failed
[05-Sep-2024 15:49:22] ERROR: Another FPM instance seems to already listen on /Users/apollotriki/Library/Application Support/Local/run/k8wHXuVtM/php/php-fpm.socket
[05-Sep-2024 15:49:22] ERROR: FPM initialization failed
[06-Sep-2024 17:25:10] ERROR: Another FPM instance seems to already listen on /Users/apollotriki/Library/Application Support/Local/run/k8wHXuVtM/php/php-fpm.socket
[06-Sep-2024 17:25:10] ERROR: FPM initialization failed
[06-Sep-2024 17:25:10] ERROR: Another FPM instance seems to already listen on /Users/apollotriki/Library/Application Support/Local/run/k8wHXuVtM/php/php-fpm.socket
[06-Sep-2024 17:25:10] ERROR: FPM initialization failed
[06-Sep-2024 17:25:11] ERROR: Another FPM instance seems to already listen on /Users/apollotriki/Library/Application Support/Local/run/k8wHXuVtM/php/php-fpm.socket
[06-Sep-2024 17:25:11] ERROR: FPM initialization failed
[06-Sep-2024 17:25:11] ERROR: Another FPM instance seems to already listen on /Users/apollotriki/Library/Application Support/Local/run/k8wHXuVtM/php/php-fpm.socket
[06-Sep-2024 17:25:11] ERROR: FPM initialization failed
